<?xml version="1.0" encoding="UTF-8"?>
<!-- Generated by org.testng.reporters.JUnitXMLReporter -->
<testsuite ignored="0" hostname="Asmaa" failures="0" tests="3" name="Default test" time="13.908" errors="0" timestamp="2021-12-26T22:37:38 EET">
  <testcase classname="tests.TestBase" name="navigteToGoogle" time="3.655"/>
  <testcase classname="tests.searchTest" name="GoogleSearch" time="7.717"/>
  <testcase classname="tests.searchTest" name="validateResults" time="0.0"/>
</testsuite> <!-- Default test -->
