<?xml version="1.0" encoding="UTF-8"?>
<testng-results ignored="0" total="3" passed="3" failed="0" skipped="0">
  <reporter-output>
  </reporter-output>
  <suite started-at="2021-12-26T22:37:24 EET" name="Default suite" finished-at="2021-12-26T22:37:38 EET" duration-ms="13908">
    <groups>
    </groups>
    <test started-at="2021-12-26T22:37:24 EET" name="Default test" finished-at="2021-12-26T22:37:38 EET" duration-ms="13908">
      <class name="tests.searchTest">
        <test-method is-config="true" signature="setup()[pri:0, instance:tests.searchTest@4b0d79fc]" started-at="2021-12-26T22:37:22 EET" name="setup" finished-at="2021-12-26T22:37:22 EET" duration-ms="201" status="PASS">
          <reporter-output>
          </reporter-output>
        </test-method> <!-- setup -->
        <test-method is-config="true" signature="startDriver()[pri:0, instance:tests.searchTest@4b0d79fc]" started-at="2021-12-26T22:37:22 EET" name="startDriver" finished-at="2021-12-26T22:37:24 EET" depends-on-methods="tests.ScreenShoots.setup" duration-ms="1611" status="PASS">
          <reporter-output>
          </reporter-output>
        </test-method> <!-- startDriver -->
        <test-method is-config="true" signature="beforeTest()[pri:0, instance:tests.searchTest@4b0d79fc]" started-at="2021-12-26T22:37:24 EET" name="beforeTest" finished-at="2021-12-26T22:37:26 EET" duration-ms="2135" status="PASS">
          <reporter-output>
          </reporter-output>
        </test-method> <!-- beforeTest -->
        <test-method signature="navigteToGoogle(java.lang.String)[pri:0, instance:tests.searchTest@4b0d79fc]" started-at="2021-12-26T22:37:27 EET" name="navigteToGoogle" data-provider="Data" finished-at="2021-12-26T22:37:30 EET" duration-ms="3655" status="PASS">
          <params>
            <param index="0">
              <value>
                <![CDATA[ https://www.google.com]]>
              </value>
            </param>
          </params>
          <reporter-output>
          </reporter-output>
        </test-method> <!-- navigteToGoogle -->
        <test-method signature="GoogleSearch()[pri:1, instance:tests.searchTest@4b0d79fc]" started-at="2021-12-26T22:37:30 EET" name="GoogleSearch" finished-at="2021-12-26T22:37:38 EET" duration-ms="7717" status="PASS">
          <reporter-output>
          </reporter-output>
        </test-method> <!-- GoogleSearch -->
        <test-method signature="validateResults()[pri:2, instance:tests.searchTest@4b0d79fc]" started-at="2021-12-26T22:37:38 EET" name="validateResults" finished-at="2021-12-26T22:37:38 EET" duration-ms="0" status="PASS">
          <reporter-output>
          </reporter-output>
        </test-method> <!-- validateResults -->
        <test-method is-config="true" signature="closeDriver()[pri:0, instance:tests.searchTest@4b0d79fc]" started-at="2021-12-26T22:37:38 EET" name="closeDriver" finished-at="2021-12-26T22:37:38 EET" duration-ms="141" status="PASS">
          <reporter-output>
          </reporter-output>
        </test-method> <!-- closeDriver -->
        <test-method is-config="true" signature="teardown()[pri:0, instance:tests.searchTest@4b0d79fc]" started-at="2021-12-26T22:37:38 EET" name="teardown" finished-at="2021-12-26T22:37:39 EET" depends-on-methods="tests.TestBase.closeDriver" duration-ms="781" status="PASS">
          <reporter-output>
          </reporter-output>
        </test-method> <!-- teardown -->
      </class> <!-- tests.searchTest -->
    </test> <!-- Default test -->
  </suite> <!-- Default suite -->
</testng-results>
